<?xml version="1.0" encoding="UTF-8"?>
<!-- Generated by org.testng.reporters.JUnitXMLReporter -->
<testsuite ignored="0" hostname="LAPTOP-0STQ7AK3" failures="1" tests="4" name="Test" time="3.743" errors="0" timestamp="2025-01-09T21:02:32 EST">
  <testcase classname="io.cucumber.testng.AbstractTestNGCucumberTests" name="runScenario" time="2.999"/>
  <testcase classname="io.cucumber.testng.AbstractTestNGCucumberTests" name="runScenario" time="0.21">
    <failure type="java.lang.NullPointerException" message="Cannot invoke &amp;quot;org.testng.asserts.SoftAssert.assertAll()&amp;quot; because &amp;quot;this.sa&amp;quot; is null">
      <![CDATA[java.lang.NullPointerException: Cannot invoke "org.testng.asserts.SoftAssert.assertAll()" because "this.sa" is null
at com.generic.Stepdef.send_data_with_get_method_with_delete_URL_and_delete_response(Stepdef.java:149)
at ✽.send data with get method with delete URL and delete response(file:src/main/resources/Delete.feature:7)
]]>
    </failure>
  </testcase> <!-- runScenario -->
  <testcase classname="io.cucumber.testng.AbstractTestNGCucumberTests" name="runScenario" time="0.174"/>
  <testcase classname="io.cucumber.testng.AbstractTestNGCucumberTests" name="runScenario" time="0.177"/>
</testsuite> <!-- Test -->
