<?xml version="1.0" encoding="UTF-8"?>
<testsuite xmlns:xsi="http://www.w3.org/2001/XMLSchema-instance" xsi:noNamespaceSchemaLocation="https://maven.apache.org/surefire/maven-surefire-plugin/xsd/surefire-test-report-3.0.xsd" version="3.0" name="TestSuite" time="4.123" tests="4" errors="0" skipped="0" failures="1">
  <properties>
[...]
</properties>
  <testcase name="runScenario[&quot;as a user , can create new data&quot;, &quot;Create new data with post function&quot;](1)" classname="com.test.run.Runner" time="3">
    <system-out><![CDATA[{
    "args": {
        
    },
    "data": "{\"Name\":\"Sarower\",\"Salary\":5000}",
    "files": {
        
    },
    "form": {
        
    },
    "headers": {
        "Accept": "*/*",
        "Accept-Encoding": "gzip,deflate",
        "Content-Length": "32",
        "Content-Type": "application/json",
        "Host": "httpbin.org",
        "User-Agent": "Apache-HttpClient/4.5.13 (Java/23)",
        "X-Amzn-Trace-Id": "Root=1-67807fb7-4e560b1f31b8a9c529eb26ea"
    },
    "json": {
        "Name": "Sarower",
        "Salary": 5000
    },
    "origin": "47.230.91.79",
    "url": "https://httpbin.org/post"
}
]]></system-out>
    <system-err><![CDATA[Jan 09, 2025 9:02:29 PM cucumber.runtime.java.ObjectFactoryLoader loadSingleObjectFactory
INFO: Loading ObjectFactory via service loader: io.cucumber.picocontainer.PicoFactory
]]></system-err>
  </testcase>
  <testcase name="runScenario[&quot;as a user , can delete  data&quot;, &quot;Create new data with delete function&quot;](2)" classname="com.test.run.Runner" time="0.216">
    <failure message="Cannot invoke &quot;org.testng.asserts.SoftAssert.assertAll()&quot; because &quot;this.sa&quot; is null" type="java.lang.NullPointerException"><![CDATA[java.lang.NullPointerException: Cannot invoke "org.testng.asserts.SoftAssert.assertAll()" because "this.sa" is null
	at com.generic.Stepdef.send_data_with_get_method_with_delete_URL_and_delete_response(Stepdef.java:149)
	at ✽.send data with get method with delete URL and delete response(file:src/main/resources/Delete.feature:7)
]]></failure>
    <system-out><![CDATA[{
    "args": {
        
    },
    "data": "",
    "files": {
        
    },
    "form": {
        
    },
    "headers": {
        "Accept": "*/*",
        "Accept-Encoding": "gzip,deflate",
        "Host": "httpbin.org",
        "User-Agent": "Apache-HttpClient/4.5.13 (Java/23)",
        "X-Amzn-Trace-Id": "Root=1-67807fb8-0b4540742d2458e451d79500"
    },
    "json": null,
    "origin": "47.230.91.79",
    "url": "https://httpbin.org/delete"
}
]]></system-out>
  </testcase>
  <testcase name="runScenario[&quot;as a user , can get  data&quot;, &quot;Create new data with get function&quot;](3)" classname="com.test.run.Runner" time="0.174">
    <system-out><![CDATA[{
    "args": {
        
    },
    "headers": {
        "Accept": "*/*",
        "Accept-Encoding": "gzip,deflate",
        "Host": "httpbin.org",
        "User-Agent": "Apache-HttpClient/4.5.13 (Java/23)",
        "X-Amzn-Trace-Id": "Root=1-67807fb8-6b7308ae3b0a27b52f52ed12"
    },
    "origin": "47.230.91.79",
    "url": "https://httpbin.org/get"
}
]]></system-out>
  </testcase>
  <testcase name="runScenario[&quot;as a user , can Update old data&quot;, &quot;Update new data with put function&quot;](4)" classname="com.test.run.Runner" time="0.177">
    <system-out><![CDATA[{
    "args": {
        
    },
    "data": "{\"Name\":\"Adam\",\"Salary\":10000}",
    "files": {
        
    },
    "form": {
        
    },
    "headers": {
        "Accept": "*/*",
        "Accept-Encoding": "gzip,deflate",
        "Content-Length": "30",
        "Content-Type": "application/json",
        "Host": "httpbin.org",
        "User-Agent": "Apache-HttpClient/4.5.13 (Java/23)",
        "X-Amzn-Trace-Id": "Root=1-67807fb8-104c90ec034da8ad6f2ff2de"
    },
    "json": {
        "Name": "Adam",
        "Salary": 10000
    },
    "origin": "47.230.91.79",
    "url": "https://httpbin.org/put"
}
]]></system-out>
  </testcase>
</testsuite>