<?xml version="1.0" encoding="UTF-8"?>
<testng-results ignored="0" total="4" passed="3" failed="1" skipped="0">
  <reporter-output>
  </reporter-output>
  <suite started-at="2025-01-09T21:02:28 EST" name="Suite" finished-at="2025-01-09T21:02:32 EST" duration-ms="3743">
    <groups>
      <group name="cucumber">
        <method signature="AbstractTestNGCucumberTests.runScenario(io.cucumber.testng.PickleEventWrapper,io.cucumber.testng.CucumberFeatureWrapper)[pri:0, instance:com.test.run.Runner@6aba2b86]" name="runScenario" class="io.cucumber.testng.AbstractTestNGCucumberTests"/>
      </group> <!-- cucumber -->
    </groups>
    <test started-at="2025-01-09T21:02:28 EST" name="Test" finished-at="2025-01-09T21:02:32 EST" duration-ms="3743">
      <class name="com.test.run.Runner">
        <test-method is-config="true" signature="setUpClass()[pri:0, instance:com.test.run.Runner@6aba2b86]" started-at="2025-01-09T21:02:28 EST" name="setUpClass" finished-at="2025-01-09T21:02:28 EST" duration-ms="80" status="PASS">
          <reporter-output>
          </reporter-output>
        </test-method> <!-- setUpClass -->
        <test-method signature="runScenario(io.cucumber.testng.PickleEventWrapper,io.cucumber.testng.CucumberFeatureWrapper)[pri:0, instance:com.test.run.Runner@6aba2b86]" started-at="2025-01-09T21:02:28 EST" name="runScenario" description="Runs Cucumber Scenarios" data-provider="scenarios" finished-at="2025-01-09T21:02:31 EST" duration-ms="2999" status="PASS">
          <params>
            <param index="0">
              <value>
                <![CDATA["as a user , can create new data"]]>
              </value>
            </param>
            <param index="1">
              <value>
                <![CDATA["Create new data with post function"]]>
              </value>
            </param>
          </params>
          <reporter-output>
          </reporter-output>
        </test-method> <!-- runScenario -->
        <test-method signature="runScenario(io.cucumber.testng.PickleEventWrapper,io.cucumber.testng.CucumberFeatureWrapper)[pri:0, instance:com.test.run.Runner@6aba2b86]" started-at="2025-01-09T21:02:31 EST" name="runScenario" description="Runs Cucumber Scenarios" data-provider="scenarios" finished-at="2025-01-09T21:02:32 EST" duration-ms="210" status="FAIL">
          <params>
            <param index="0">
              <value>
                <![CDATA["as a user , can delete  data"]]>
              </value>
            </param>
            <param index="1">
              <value>
                <![CDATA["Create new data with delete function"]]>
              </value>
            </param>
          </params>
          <exception class="java.lang.NullPointerException">
            <message>
              <![CDATA[Cannot invoke "org.testng.asserts.SoftAssert.assertAll()" because "this.sa" is null]]>
            </message>
            <full-stacktrace>
              <![CDATA[java.lang.NullPointerException: Cannot invoke "org.testng.asserts.SoftAssert.assertAll()" because "this.sa" is null
at com.generic.Stepdef.send_data_with_get_method_with_delete_URL_and_delete_response(Stepdef.java:149)
at ✽.send data with get method with delete URL and delete response(file:src/main/resources/Delete.feature:7)
]]>
            </full-stacktrace>
          </exception> <!-- java.lang.NullPointerException -->
          <reporter-output>
          </reporter-output>
        </test-method> <!-- runScenario -->
        <test-method signature="runScenario(io.cucumber.testng.PickleEventWrapper,io.cucumber.testng.CucumberFeatureWrapper)[pri:0, instance:com.test.run.Runner@6aba2b86]" started-at="2025-01-09T21:02:32 EST" name="runScenario" description="Runs Cucumber Scenarios" data-provider="scenarios" finished-at="2025-01-09T21:02:32 EST" duration-ms="174" status="PASS">
          <params>
            <param index="0">
              <value>
                <![CDATA["as a user , can get  data"]]>
              </value>
            </param>
            <param index="1">
              <value>
                <![CDATA["Create new data with get function"]]>
              </value>
            </param>
          </params>
          <reporter-output>
          </reporter-output>
        </test-method> <!-- runScenario -->
        <test-method signature="runScenario(io.cucumber.testng.PickleEventWrapper,io.cucumber.testng.CucumberFeatureWrapper)[pri:0, instance:com.test.run.Runner@6aba2b86]" started-at="2025-01-09T21:02:32 EST" name="runScenario" description="Runs Cucumber Scenarios" data-provider="scenarios" finished-at="2025-01-09T21:02:32 EST" duration-ms="177" status="PASS">
          <params>
            <param index="0">
              <value>
                <![CDATA["as a user , can Update old data"]]>
              </value>
            </param>
            <param index="1">
              <value>
                <![CDATA["Update new data with put function"]]>
              </value>
            </param>
          </params>
          <reporter-output>
          </reporter-output>
        </test-method> <!-- runScenario -->
        <test-method is-config="true" signature="tearDownClass()[pri:0, instance:com.test.run.Runner@6aba2b86]" started-at="2025-01-09T21:02:32 EST" name="tearDownClass" finished-at="2025-01-09T21:02:32 EST" duration-ms="34" status="PASS">
          <reporter-output>
          </reporter-output>
        </test-method> <!-- tearDownClass -->
      </class> <!-- com.test.run.Runner -->
    </test> <!-- Test -->
  </suite> <!-- Suite -->
</testng-results>
