<?xml version="1.0" encoding="UTF-8"?>
<testng-results ignored="0" total="2" passed="2" failed="0" skipped="0">
  <reporter-output>
  </reporter-output>
  <suite started-at="2025-01-09T20:19:48 EST" name="Suite" finished-at="2025-01-09T20:19:52 EST" duration-ms="3632">
    <groups>
      <group name="cucumber">
        <method signature="AbstractTestNGCucumberTests.runScenario(io.cucumber.testng.PickleEventWrapper,io.cucumber.testng.CucumberFeatureWrapper)[pri:0, instance:com.test.run.Runner@1165b38]" name="runScenario" class="io.cucumber.testng.AbstractTestNGCucumberTests"/>
      </group> <!-- cucumber -->
    </groups>
    <test started-at="2025-01-09T20:19:48 EST" name="Test" finished-at="2025-01-09T20:19:52 EST" duration-ms="3632">
      <class name="com.test.run.Runner">
        <test-method is-config="true" signature="setUpClass()[pri:0, instance:com.test.run.Runner@1165b38]" started-at="2025-01-09T20:19:48 EST" name="setUpClass" finished-at="2025-01-09T20:19:48 EST" duration-ms="79" status="PASS">
          <reporter-output>
          </reporter-output>
        </test-method> <!-- setUpClass -->
        <test-method signature="runScenario(io.cucumber.testng.PickleEventWrapper,io.cucumber.testng.CucumberFeatureWrapper)[pri:0, instance:com.test.run.Runner@1165b38]" started-at="2025-01-09T20:19:48 EST" name="runScenario" description="Runs Cucumber Scenarios" data-provider="scenarios" finished-at="2025-01-09T20:19:52 EST" duration-ms="3170" status="PASS">
          <params>
            <param index="0">
              <value>
                <![CDATA["as a user , can create new data"]]>
              </value>
            </param>
            <param index="1">
              <value>
                <![CDATA["Create new data with post function"]]>
              </value>
            </param>
          </params>
          <reporter-output>
          </reporter-output>
        </test-method> <!-- runScenario -->
        <test-method signature="runScenario(io.cucumber.testng.PickleEventWrapper,io.cucumber.testng.CucumberFeatureWrapper)[pri:0, instance:com.test.run.Runner@1165b38]" started-at="2025-01-09T20:19:52 EST" name="runScenario" description="Runs Cucumber Scenarios" data-provider="scenarios" finished-at="2025-01-09T20:19:52 EST" duration-ms="270" status="PASS">
          <params>
            <param index="0">
              <value>
                <![CDATA["as a user , can Update old data"]]>
              </value>
            </param>
            <param index="1">
              <value>
                <![CDATA["Update new data with put function"]]>
              </value>
            </param>
          </params>
          <reporter-output>
          </reporter-output>
        </test-method> <!-- runScenario -->
        <test-method is-config="true" signature="tearDownClass()[pri:0, instance:com.test.run.Runner@1165b38]" started-at="2025-01-09T20:19:52 EST" name="tearDownClass" finished-at="2025-01-09T20:19:52 EST" duration-ms="42" status="PASS">
          <reporter-output>
          </reporter-output>
        </test-method> <!-- tearDownClass -->
      </class> <!-- com.test.run.Runner -->
    </test> <!-- Test -->
  </suite> <!-- Suite -->
</testng-results>
