<?xml version="1.0" encoding="UTF-8"?>
<!-- Generated by org.testng.reporters.JUnitReportReporter -->
<testsuite hostname="LAPTOP-0STQ7AK3" failures="0" tests="4" name="com.test.run.Runner" time="3.560" errors="1" timestamp="2025-01-09T21:02:32 EST" skipped="0">
  <testcase classname="com.test.run.Runner" name="runScenario" time="2.999"/>
  <system-out/>
  <testcase classname="com.test.run.Runner" name="runScenario" time="0.174"/>
  <system-out/>
  <testcase classname="com.test.run.Runner" name="runScenario" time="0.210">
    <error message="Cannot invoke &quot;org.testng.asserts.SoftAssert.assertAll()&quot; because &quot;this.sa&quot; is null" type="java.lang.NullPointerException">
      <![CDATA[java.lang.NullPointerException: Cannot invoke "org.testng.asserts.SoftAssert.assertAll()" because "this.sa" is null
at com.generic.Stepdef.send_data_with_get_method_with_delete_URL_and_delete_response(Stepdef.java:149)
at ✽.send data with get method with delete URL and delete response(file:src/main/resources/Delete.feature:7)
]]>
    </error>
  </testcase> <!-- runScenario -->
  <system-out/>
  <testcase classname="com.test.run.Runner" name="runScenario" time="0.177"/>
  <system-out/>
</testsuite> <!-- com.test.run.Runner -->
